<?xml version="1.0" encoding="UTF-8"?>
<!-- Generated by org.testng.reporters.JUnitReportReporter -->
<testsuite hostname="Radhey" failures="0" tests="1" name="com.kirannn.Test2" time="0.035" errors="0" timestamp="2023-04-23T17:33:08 IST" skipped="0">
  <testcase classname="com.kirannn.Test2" name="Test2" time="0.035"/>
  <system-out/>
</testsuite> <!-- com.kirannn.Test2 -->
