<?xml version="1.0" encoding="UTF-8"?>
<!-- Generated by org.testng.reporters.JUnitReportReporter -->
<testsuite hostname="Radhey" failures="0" tests="1" name="com.kirannn.Minnnnn" time="0.008" errors="0" timestamp="2023-04-22T19:31:48 IST" skipped="0">
  <testcase classname="com.kirannn.Minnnnn" name="Test" time="0.008"/>
  <system-out/>
</testsuite> <!-- com.kirannn.Minnnnn -->
